<?xml version="1.0" encoding="UTF-8"?>
<!-- Generated by org.testng.reporters.JUnitReportReporter -->
<testsuite hostname="DESKTOP-EFRO4QN" failures="0" tests="4" name="com.tekarch.salesforce.User_Menu_Drop_down" time="28.979" errors="0" timestamp="2022-07-25T18:13:41 CDT" skipped="0">
  <testcase classname="com.tekarch.salesforce.User_Menu_Drop_down" name="TC_06" time="0.002"/>
  <system-out/>
  <testcase classname="com.tekarch.salesforce.User_Menu_Drop_down" name="TC_08" time="28.965"/>
  <system-out/>
  <testcase classname="com.tekarch.salesforce.User_Menu_Drop_down" name="TC_05" time="0.010"/>
  <system-out/>
  <testcase classname="com.tekarch.salesforce.User_Menu_Drop_down" name="TC_07" time="0.002"/>
  <system-out/>
</testsuite> <!-- com.tekarch.salesforce.User_Menu_Drop_down -->
