<?xml version="1.0" encoding="UTF-8"?>
<!-- Generated by org.testng.reporters.JUnitReportReporter -->
<testsuite hostname="DESKTOP-EFRO4QN" failures="0" tests="5" name="com.tekarch.salesforce.SdfcLogin" time="2.363" errors="0" timestamp="2022-07-17T16:17:11 CDT" skipped="0">
  <testcase classname="com.tekarch.salesforce.SdfcLogin" name="Login_Error_Message_1" time="0.002"/>
  <system-out/>
  <testcase classname="com.tekarch.salesforce.SdfcLogin" name="ForgotPassword_4B" time="2.347"/>
  <system-out/>
  <testcase classname="com.tekarch.salesforce.SdfcLogin" name="ForgotPassword_4A" time="0.002"/>
  <system-out/>
  <testcase classname="com.tekarch.salesforce.SdfcLogin" name="Check_RememberMe_3" time="0.009"/>
  <system-out/>
  <testcase classname="com.tekarch.salesforce.SdfcLogin" name="Login_To_SalesForce_2" time="0.003"/>
  <system-out/>
</testsuite> <!-- com.tekarch.salesforce.SdfcLogin -->
