<?xml version="1.0" encoding="UTF-8"?>
<!-- Generated by org.testng.reporters.JUnitReportReporter -->
<testsuite hostname="DESKTOP-EFRO4QN" failures="0" tests="3" name="com.training.testng.FirstClass" time="0.034" errors="0" timestamp="2022-08-16T09:19:31 CDT" skipped="0">
  <testcase classname="com.training.testng.FirstClass" name="logout" time="0.013"/>
  <system-out/>
  <testcase classname="com.training.testng.FirstClass" name="login" time="0.008"/>
  <system-out/>
  <testcase classname="com.training.testng.FirstClass" name="f" time="0.013"/>
  <system-out/>
</testsuite> <!-- com.training.testng.FirstClass -->
