<?xml version="1.0" encoding="UTF-8"?>
<!-- Generated by org.testng.reporters.JUnitReportReporter -->
<testsuite hostname="DESKTOP-EFRO4QN" failures="0" tests="2" name="SalesForce" time="18.954" errors="0" timestamp="2022-07-05T17:26:25 CDT" skipped="0">
  <testcase classname="SalesForce" name="verifyPageTitleTest" time="3.563"/>
  <system-out/>
  <testcase classname="SalesForce" name="logintosalesforce" time="15.391"/>
  <system-out/>
</testsuite> <!-- SalesForce -->
