<?xml version="1.0" encoding="UTF-8"?>
<!-- Generated by org.testng.reporters.JUnitReportReporter -->
<testsuite hostname="DESKTOP-EFRO4QN" failures="0" tests="1" name="anotations" time="0.006" errors="0" timestamp="2022-07-04T20:00:28 CDT" skipped="0">
  <testcase classname="anotations" name="login" time="0.006"/>
  <system-out/>
</testsuite> <!-- anotations -->
