<?xml version="1.0" encoding="UTF-8"?>
<!-- Generated by org.testng.reporters.JUnitReportReporter -->
<testsuite hostname="DESKTOP-EFRO4QN" failures="0" tests="5" name="demo" time="0.021" errors="0" timestamp="2022-07-04T18:50:10 CDT" skipped="0">
  <testcase classname="demo" name="a_method" time="0.011"/>
  <system-out/>
  <testcase classname="demo" name="b_method" time="0.002"/>
  <system-out/>
  <testcase classname="demo" name="c_method" time="0.002"/>
  <system-out/>
  <testcase classname="demo" name="test1" time="0.004"/>
  <system-out/>
  <testcase classname="demo" name="e_method" time="0.002"/>
  <system-out/>
</testsuite> <!-- demo -->
