<?xml version="1.0" encoding="UTF-8"?>
<!-- Generated by org.testng.reporters.JUnitReportReporter -->
<testsuite hostname="DESKTOP-EFRO4QN" failures="0" tests="1" name="demo" time="0.017" errors="0" timestamp="2022-07-04T17:50:39 CDT" skipped="0">
  <testcase classname="demo" name="f" time="0.017"/>
  <system-out/>
</testsuite> <!-- demo -->
